[32m2026-01-23 20:04:13 +0000[0m - dagster - [34mDEBUG[0m - __ASSET_JOB - 335b5bef-4b38-46d3-866d-ee0ce896b26e - 12141 - LOGS_CAPTURED - Started capturing logs in process (pid: 12141).
[32m2026-01-23 20:04:13 +0000[0m - dagster - [34mDEBUG[0m - __ASSET_JOB - 335b5bef-4b38-46d3-866d-ee0ce896b26e - 12141 - bronze_raw_items - STEP_START - Started execution of step "bronze_raw_items".
[32m2026-01-23 20:04:13 +0000[0m - dagster - [34mINFO[0m - __ASSET_JOB - 335b5bef-4b38-46d3-866d-ee0ce896b26e - bronze_raw_items - GitHub collection plan: 12 queries, up to 10 pages each = ~120 requests max
[32m2026-01-23 20:04:13 +0000[0m - dagster - [34mERROR[0m - [31m__ASSET_JOB - 335b5bef-4b38-46d3-866d-ee0ce896b26e - 12141 - bronze_raw_items - STEP_FAILURE - Execution of step "bronze_raw_items" failed.

dagster._core.errors.DagsterExecutionStepExecutionError: Error occurred while executing op "bronze_raw_items"::

TypeError: cannot unpack non-iterable NoneType object

Stack Trace:
  File "/Users/vladpalos/Development/obp-dagster/.venv/lib/python3.11/site-packages/dagster/_core/execution/plan/utils.py", line 57, in op_execution_error_boundary
    yield
  File "/Users/vladpalos/Development/obp-dagster/.venv/lib/python3.11/site-packages/dagster/_utils/__init__.py", line 394, in iterate_with_context
    next_output = next(iterator)
                  ^^^^^^^^^^^^^^
  File "/Users/vladpalos/Development/obp-dagster/.venv/lib/python3.11/site-packages/dagster/_core/execution/plan/compute.py", line 129, in gen_from_async_gen
    yield context.event_loop.run_until_complete(async_gen.__anext__())
          ^^^^^^^^^^^^^^^^^^^^^^^^^^^^^^^^^^^^^^^^^^^^^^^^^^^^^^^^^^^^
  File "/Users/vladpalos/.local/share/mise/installs/python/3.11.12/lib/python3.11/asyncio/base_events.py", line 654, in run_until_complete
    return future.result()
           ^^^^^^^^^^^^^^^
  File "/Users/vladpalos/Development/obp-dagster/.venv/lib/python3.11/site-packages/dagster/_core/execution/plan/compute_generator.py", line 89, in _coerce_async_op_to_async_gen
    result = await awaitable
             ^^^^^^^^^^^^^^^
  File "/Users/vladpalos/Development/obp-dagster/src/burningdemand/assets/bronze.py", line 22, in bronze_raw_items
    items, meta = await collect_source_async(source, date, apis, http, context)
    ^^^^^^^^^^^
[0m
