[32m2026-01-23 20:05:04 +0000[0m - dagster - [34mDEBUG[0m - __ASSET_JOB - a4e58068-f2d8-4885-9663-2ca7fcfbd0b9 - 12880 - LOGS_CAPTURED - Started capturing logs in process (pid: 12880).
[32m2026-01-23 20:05:04 +0000[0m - dagster - [34mDEBUG[0m - __ASSET_JOB - a4e58068-f2d8-4885-9663-2ca7fcfbd0b9 - 12880 - bronze_raw_items - STEP_START - Started execution of step "bronze_raw_items".
[32m2026-01-23 20:05:04 +0000[0m - dagster - [34mINFO[0m - __ASSET_JOB - a4e58068-f2d8-4885-9663-2ca7fcfbd0b9 - bronze_raw_items - GitHub collection plan: 12 queries, up to 10 pages each = ~120 requests max
[32m2026-01-23 20:05:11 +0000[0m - dagster - [34mWARNING[0m - resource:http - a4e58068-f2d8-4885-9663-2ca7fcfbd0b9 - bronze_raw_items - Request failed GET https://api.github.com/search/issues, attempt 1/1: Client error '403 Forbidden' for url 'https://api.github.com/search/issues?q=is%3Aissue+created%3A2026-01-22+%28%22compliance%22+OR+%22audit%22+OR+%22integration%22+OR+%22sync%22+OR+%22migration%22+OR+%22data+pipeline%22%29&per_page=100&page=4'
For more information check: https://developer.mozilla.org/en-US/docs/Web/HTTP/Status/403
[32m2026-01-23 20:05:11 +0000[0m - dagster - [34mWARNING[0m - resource:http - a4e58068-f2d8-4885-9663-2ca7fcfbd0b9 - bronze_raw_items - Response body: {"message":"API rate limit exceeded for user ID 186800377. If you reach out to GitHub Support for help, please include the request ID D595:211FE3:D88D1B:F809DA:6973D47B and timestamp 2026-01-23 20:05:15 UTC. For more on scraping GitHub and how it may affect your rights, please review our Terms of Service (https://docs.github.com/en/site-policy/github-terms/github-terms-of-service)","documentation_url":"https://docs.github.com/rest/overview/rate-limits-for-the-rest-api","status":"403"}
[32m2026-01-23 20:05:11 +0000[0m - dagster - [34mWARNING[0m - resource:http - a4e58068-f2d8-4885-9663-2ca7fcfbd0b9 - bronze_raw_items - Request failed GET https://api.github.com/search/issues, attempt 1/1: Client error '403 Forbidden' for url 'https://api.github.com/search/issues?q=is%3Aissue+created%3A2026-01-22+%28%22looking+for%22+OR+%22any+recommendations%22+OR+%22recommend+a+tool%22+OR+%22what+tool+do+you+use%22+OR+%22alternatives+to%22+OR+%22alternative+to%22%29&per_page=100&page=4'
For more information check: https://developer.mozilla.org/en-US/docs/Web/HTTP/Status/403
[32m2026-01-23 20:05:11 +0000[0m - dagster - [34mWARNING[0m - resource:http - a4e58068-f2d8-4885-9663-2ca7fcfbd0b9 - bronze_raw_items - Response body: {"message":"API rate limit exceeded for user ID 186800377. If you reach out to GitHub Support for help, please include the request ID D1C5:196FE5:E19134:101059B:6973D47B and timestamp 2026-01-23 20:05:15 UTC. For more on scraping GitHub and how it may affect your rights, please review our Terms of Service (https://docs.github.com/en/site-policy/github-terms/github-terms-of-service)","documentation_url":"https://docs.github.com/rest/overview/rate-limits-for-the-rest-api","status":"403"}
[32m2026-01-23 20:05:11 +0000[0m - dagster - [34mWARNING[0m - resource:http - a4e58068-f2d8-4885-9663-2ca7fcfbd0b9 - bronze_raw_items - Request failed GET https://api.github.com/search/issues, attempt 1/1: Client error '403 Forbidden' for url 'https://api.github.com/search/issues?q=is%3Aissue+created%3A2026-01-22+%28%22automation%22+OR+%22monitoring%22+OR+%22reporting%22+OR+%22tracking%22+OR+%22dashboard%22+OR+%22alerting%22%29&per_page=100&page=4'
For more information check: https://developer.mozilla.org/en-US/docs/Web/HTTP/Status/403
[32m2026-01-23 20:05:11 +0000[0m - dagster - [34mWARNING[0m - resource:http - a4e58068-f2d8-4885-9663-2ca7fcfbd0b9 - bronze_raw_items - Response body: {"message":"API rate limit exceeded for user ID 186800377. If you reach out to GitHub Support for help, please include the request ID DF81:1D3DB2:D4FA86:F46BDF:6973D47B and timestamp 2026-01-23 20:05:15 UTC. For more on scraping GitHub and how it may affect your rights, please review our Terms of Service (https://docs.github.com/en/site-policy/github-terms/github-terms-of-service)","documentation_url":"https://docs.github.com/rest/overview/rate-limits-for-the-rest-api","status":"403"}
[32m2026-01-23 20:05:11 +0000[0m - dagster - [34mWARNING[0m - resource:http - a4e58068-f2d8-4885-9663-2ca7fcfbd0b9 - bronze_raw_items - Request failed GET https://api.github.com/search/issues, attempt 1/1: Client error '403 Forbidden' for url 'https://api.github.com/search/issues?q=is%3Aissue+created%3A2026-01-22+%28%22is+there+software%22+OR+%22saas+for%22+OR+%22platform+for%22+OR+%22pricing%22+OR+%22cost%22+OR+%22expensive%22%29&per_page=100&page=4'
For more information check: https://developer.mozilla.org/en-US/docs/Web/HTTP/Status/403
[32m2026-01-23 20:05:11 +0000[0m - dagster - [34mWARNING[0m - resource:http - a4e58068-f2d8-4885-9663-2ca7fcfbd0b9 - bronze_raw_items - Response body: {"message":"API rate limit exceeded for user ID 186800377. If you reach out to GitHub Support for help, please include the request ID D30C:361DFE:E8A734:1082226:6973D47B and timestamp 2026-01-23 20:05:15 UTC. For more on scraping GitHub and how it may affect your rights, please review our Terms of Service (https://docs.github.com/en/site-policy/github-terms/github-terms-of-service)","documentation_url":"https://docs.github.com/rest/overview/rate-limits-for-the-rest-api","status":"403"}
[32m2026-01-23 20:05:11 +0000[0m - dagster - [34mWARNING[0m - resource:http - a4e58068-f2d8-4885-9663-2ca7fcfbd0b9 - bronze_raw_items - Request failed GET https://api.github.com/search/issues, attempt 1/1: Client error '403 Forbidden' for url 'https://api.github.com/search/issues?q=is%3Aissue+created%3A2026-01-22+%28%22cheaper%22+OR+%22worth+paying%22+OR+%22subscription%22+OR+%22license%22+OR+%22enterprise+plan%22+OR+%22free+tier%22%29&per_page=100&page=4'
For more information check: https://developer.mozilla.org/en-US/docs/Web/HTTP/Status/403
[32m2026-01-23 20:05:11 +0000[0m - dagster - [34mWARNING[0m - resource:http - a4e58068-f2d8-4885-9663-2ca7fcfbd0b9 - bronze_raw_items - Response body: {"message":"API rate limit exceeded for user ID 186800377. If you reach out to GitHub Support for help, please include the request ID D79C:373A45:E77730:106F2BB:6973D47B and timestamp 2026-01-23 20:05:15 UTC. For more on scraping GitHub and how it may affect your rights, please review our Terms of Service (https://docs.github.com/en/site-policy/github-terms/github-terms-of-service)","documentation_url":"https://docs.github.com/rest/overview/rate-limits-for-the-rest-api","status":"403"}
[32m2026-01-23 20:05:11 +0000[0m - dagster - [34mWARNING[0m - resource:http - a4e58068-f2d8-4885-9663-2ca7fcfbd0b9 - bronze_raw_items - Request failed GET https://api.github.com/search/issues, attempt 1/1: Client error '403 Forbidden' for url 'https://api.github.com/search/issues?q=is%3Aissue+created%3A2026-01-22+%28%22at+work%22+OR+%22at+my+company%22+OR+%22in+production%22+OR+%22in+our+team%22+OR+%22for+clients%22+OR+%22for+customers%22%29&per_page=100&page=4'
For more information check: https://developer.mozilla.org/en-US/docs/Web/HTTP/Status/403
[32m2026-01-23 20:05:11 +0000[0m - dagster - [34mWARNING[0m - resource:http - a4e58068-f2d8-4885-9663-2ca7fcfbd0b9 - bronze_raw_items - Response body: {"message":"API rate limit exceeded for user ID 186800377. If you reach out to GitHub Support for help, please include the request ID D1C5:196FE5:E19169:10105D7:6973D47B and timestamp 2026-01-23 20:05:15 UTC. For more on scraping GitHub and how it may affect your rights, please review our Terms of Service (https://docs.github.com/en/site-policy/github-terms/github-terms-of-service)","documentation_url":"https://docs.github.com/rest/overview/rate-limits-for-the-rest-api","status":"403"}
[32m2026-01-23 20:05:11 +0000[0m - dagster - [34mWARNING[0m - resource:http - a4e58068-f2d8-4885-9663-2ca7fcfbd0b9 - bronze_raw_items - Request failed GET https://api.github.com/search/issues, attempt 1/1: Client error '403 Forbidden' for url 'https://api.github.com/search/issues?q=is%3Aissue+created%3A2026-01-22+%28%22performance%22+OR+%22scalability%22+OR+%22timeout%22+OR+%22memory+leak%22+OR+%22integration%22%29&per_page=100&page=4'
For more information check: https://developer.mozilla.org/en-US/docs/Web/HTTP/Status/403
[32m2026-01-23 20:05:11 +0000[0m - dagster - [34mWARNING[0m - resource:http - a4e58068-f2d8-4885-9663-2ca7fcfbd0b9 - bronze_raw_items - Response body: {"message":"API rate limit exceeded for user ID 186800377. If you reach out to GitHub Support for help, please include the request ID D30C:361DFE:E8A76D:1082265:6973D47B and timestamp 2026-01-23 20:05:15 UTC. For more on scraping GitHub and how it may affect your rights, please review our Terms of Service (https://docs.github.com/en/site-policy/github-terms/github-terms-of-service)","documentation_url":"https://docs.github.com/rest/overview/rate-limits-for-the-rest-api","status":"403"}
[32m2026-01-23 20:05:12 +0000[0m - dagster - [34mWARNING[0m - resource:http - a4e58068-f2d8-4885-9663-2ca7fcfbd0b9 - bronze_raw_items - Request failed GET https://api.github.com/search/issues, attempt 1/1: Client error '403 Forbidden' for url 'https://api.github.com/search/issues?q=is%3Aissue+created%3A2026-01-22+%28%22trial%22+OR+%22paid+version%22+OR+%22too+slow%22+OR+%22slow%22+OR+%22frustrating%22+OR+%22annoying%22%29&per_page=100&page=4'
For more information check: https://developer.mozilla.org/en-US/docs/Web/HTTP/Status/403
[32m2026-01-23 20:05:12 +0000[0m - dagster - [34mWARNING[0m - resource:http - a4e58068-f2d8-4885-9663-2ca7fcfbd0b9 - bronze_raw_items - Response body: {"message":"API rate limit exceeded for user ID 186800377. If you reach out to GitHub Support for help, please include the request ID D1C5:196FE5:E191AB:1010612:6973D47B and timestamp 2026-01-23 20:05:16 UTC. For more on scraping GitHub and how it may affect your rights, please review our Terms of Service (https://docs.github.com/en/site-policy/github-terms/github-terms-of-service)","documentation_url":"https://docs.github.com/rest/overview/rate-limits-for-the-rest-api","status":"403"}
[32m2026-01-23 20:05:12 +0000[0m - dagster - [34mWARNING[0m - resource:http - a4e58068-f2d8-4885-9663-2ca7fcfbd0b9 - bronze_raw_items - Request failed GET https://api.github.com/search/issues, attempt 1/1: Client error '403 Forbidden' for url 'https://api.github.com/search/issues?q=is%3Aissue+created%3A2026-01-22+%28%22enterprise%22+OR+%22internal+tool%22+OR+%22ops%22+OR+%22devops%22+OR+%22feature+request%22+OR+%22enhancement%22%29&per_page=100&page=4'
For more information check: https://developer.mozilla.org/en-US/docs/Web/HTTP/Status/403
[32m2026-01-23 20:05:12 +0000[0m - dagster - [34mWARNING[0m - resource:http - a4e58068-f2d8-4885-9663-2ca7fcfbd0b9 - bronze_raw_items - Response body: {"message":"API rate limit exceeded for user ID 186800377. If you reach out to GitHub Support for help, please include the request ID D30C:361DFE:E8A7A1:10822A1:6973D47B and timestamp 2026-01-23 20:05:16 UTC. For more on scraping GitHub and how it may affect your rights, please review our Terms of Service (https://docs.github.com/en/site-policy/github-terms/github-terms-of-service)","documentation_url":"https://docs.github.com/rest/overview/rate-limits-for-the-rest-api","status":"403"}
[32m2026-01-23 20:05:12 +0000[0m - dagster - [34mERROR[0m - [31mresource:http - a4e58068-f2d8-4885-9663-2ca7fcfbd0b9 - bronze_raw_items - All 1 attempts failed for GET https://api.github.com/search/issues: Client error '403 Forbidden' for url 'https://api.github.com/search/issues?q=is%3Aissue+created%3A2026-01-22+%28%22looking+for%22+OR+%22any+recommendations%22+OR+%22recommend+a+tool%22+OR+%22what+tool+do+you+use%22+OR+%22alternatives+to%22+OR+%22alternative+to%22%29&per_page=100&page=4'
For more information check: https://developer.mozilla.org/en-US/docs/Web/HTTP/Status/403[0m
[32m2026-01-23 20:05:12 +0000[0m - dagster - [34mERROR[0m - [31mresource:http - a4e58068-f2d8-4885-9663-2ca7fcfbd0b9 - bronze_raw_items - Response body: {"message":"API rate limit exceeded for user ID 186800377. If you reach out to GitHub Support for help, please include the request ID D1C5:196FE5:E19134:101059B:6973D47B and timestamp 2026-01-23 20:05:15 UTC. For more on scraping GitHub and how it may affect your rights, please review our Terms of Service (https://docs.github.com/en/site-policy/github-terms/github-terms-of-service)","documentation_url":"https://docs.github.com/rest/overview/rate-limits-for-the-rest-api","status":"403"}[0m
[32m2026-01-23 20:05:12 +0000[0m - dagster - [34mERROR[0m - [31m__ASSET_JOB - a4e58068-f2d8-4885-9663-2ca7fcfbd0b9 - 12880 - bronze_raw_items - STEP_FAILURE - Execution of step "bronze_raw_items" failed.

dagster._core.errors.DagsterExecutionStepExecutionError: Error occurred while executing op "bronze_raw_items"::

httpx.HTTPStatusError: Client error '403 Forbidden' for url 'https://api.github.com/search/issues?q=is%3Aissue+created%3A2026-01-22+%28%22looking+for%22+OR+%22any+recommendations%22+OR+%22recommend+a+tool%22+OR+%22what+tool+do+you+use%22+OR+%22alternatives+to%22+OR+%22alternative+to%22%29&per_page=100&page=4'
For more information check: https://developer.mozilla.org/en-US/docs/Web/HTTP/Status/403

Stack Trace:
  File "/Users/vladpalos/Development/obp-dagster/.venv/lib/python3.11/site-packages/dagster/_core/execution/plan/utils.py", line 57, in op_execution_error_boundary
    yield
  File "/Users/vladpalos/Development/obp-dagster/.venv/lib/python3.11/site-packages/dagster/_utils/__init__.py", line 394, in iterate_with_context
    next_output = next(iterator)
                  ^^^^^^^^^^^^^^
  File "/Users/vladpalos/Development/obp-dagster/.venv/lib/python3.11/site-packages/dagster/_core/execution/plan/compute.py", line 129, in gen_from_async_gen
    yield context.event_loop.run_until_complete(async_gen.__anext__())
          ^^^^^^^^^^^^^^^^^^^^^^^^^^^^^^^^^^^^^^^^^^^^^^^^^^^^^^^^^^^^
  File "/Users/vladpalos/.local/share/mise/installs/python/3.11.12/lib/python3.11/asyncio/base_events.py", line 654, in run_until_complete
    return future.result()
           ^^^^^^^^^^^^^^^
  File "/Users/vladpalos/Development/obp-dagster/.venv/lib/python3.11/site-packages/dagster/_core/execution/plan/compute_generator.py", line 89, in _coerce_async_op_to_async_gen
    result = await awaitable
             ^^^^^^^^^^^^^^^
  File "/Users/vladpalos/Development/obp-dagster/src/burningdemand/assets/bronze.py", line 22, in bronze_raw_items
    items, meta = await collect_source_async(source, date, apis, http, context)
                  ^^^^^^^^^^^^^^^^^^^^^^^^^^^^^^^^^^^^^^^^^^^^^^^^^^^^^^^^^^^^^
  File "/Users/vladpalos/Development/obp-dagster/src/burningdemand/utils/collectors.py", line 42, in collect_source_async
    return await _collect_github(
           ^^^^^^^^^^^^^^^^^^^^^^
  File "/Users/vladpalos/Development/obp-dagster/src/burningdemand/utils/collectors.py", line 136, in _collect_github
    all_query_results = await asyncio.gather(*[fetch_query_pages(q) for q in queries])
                        ^^^^^^^^^^^^^^^^^^^^^^^^^^^^^^^^^^^^^^^^^^^^^^^^^^^^^^^^^^^^^^
  File "/Users/vladpalos/Development/obp-dagster/src/burningdemand/utils/collectors.py", line 122, in fetch_query_pages
    resp = await http.request_with_retry_async(
           ^^^^^^^^^^^^^^^^^^^^^^^^^^^^^^^^^^^^
  File "/Users/vladpalos/Development/obp-dagster/src/burningdemand/resources/http_clients_resource.py", line 115, in request_with_retry_async
    raise last_exc or RuntimeError("request_with_retry_async failed")
  File "/Users/vladpalos/Development/obp-dagster/src/burningdemand/resources/http_clients_resource.py", line 87, in request_with_retry_async
    resp.raise_for_status()
  File "/Users/vladpalos/Development/obp-dagster/.venv/lib/python3.11/site-packages/httpx/_models.py", line 829, in raise_for_status
    raise HTTPStatusError(message, request=request, response=self)
[0m
