2026-01-21 11:10:47 +0000 - dagster - DEBUG - hn_collect_job - b1d9eb89-32c6-42e9-a9dd-0f3721eb4a78 - 69852 - LOGS_CAPTURED - Started capturing logs in process (pid: 69852).
2026-01-21 11:10:47 +0000 - dagster - DEBUG - hn_collect_job - b1d9eb89-32c6-42e9-a9dd-0f3721eb4a78 - 69852 - collect_hackernews - STEP_START - Started execution of step "collect_hackernews".
2026-01-21 11:10:47 +0000 - dagster - DEBUG - hn_collect_job - b1d9eb89-32c6-42e9-a9dd-0f3721eb4a78 - 69852 - collect_hackernews - STEP_UP_FOR_RETRY - Execution of step "collect_hackernews" failed and has requested a retry in 2 seconds.

dagster._core.execution.plan.utils.RetryRequestedFromPolicy

Stack Trace:
  File "/Users/vladpalos/Development/dagster/.venv/lib/python3.11/site-packages/dagster/_core/execution/plan/execute_plan.py", line 247, in dagster_event_sequence_for_step
    yield from check.generator(step_events)
  File "/Users/vladpalos/Development/dagster/.venv/lib/python3.11/site-packages/dagster/_core/execution/plan/execute_step.py", line 504, in core_dagster_event_sequence_for_step
    for user_event in _step_output_error_checked_user_event_sequence(
  File "/Users/vladpalos/Development/dagster/.venv/lib/python3.11/site-packages/dagster/_core/execution/plan/execute_step.py", line 183, in _step_output_error_checked_user_event_sequence
    for user_event in user_event_sequence:
  File "/Users/vladpalos/Development/dagster/.venv/lib/python3.11/site-packages/dagster/_core/execution/plan/execute_step.py", line 88, in _process_asset_results_to_events
    for user_event in user_event_sequence:
  File "/Users/vladpalos/Development/dagster/.venv/lib/python3.11/site-packages/dagster/_core/execution/plan/compute.py", line 188, in execute_core_compute
    for step_output in _yield_compute_results(step_context, inputs, compute_fn, compute_context):
  File "/Users/vladpalos/Development/dagster/.venv/lib/python3.11/site-packages/dagster/_core/execution/plan/compute.py", line 157, in _yield_compute_results
    for event in iterate_with_context(
  File "/Users/vladpalos/Development/dagster/.venv/lib/python3.11/site-packages/dagster/_utils/__init__.py", line 392, in iterate_with_context
    with context_fn():
  File "/Users/vladpalos/.local/share/mise/installs/python/3.11.12/lib/python3.11/contextlib.py", line 158, in __exit__
    self.gen.throw(typ, value, traceback)
  File "/Users/vladpalos/Development/dagster/.venv/lib/python3.11/site-packages/dagster/_core/execution/plan/utils.py", line 75, in op_execution_error_boundary
    raise RetryRequestedFromPolicy(

The above exception was caused by the following exception:
AttributeError: 'OpDefinition' object has no attribute 'config'

Stack Trace:
  File "/Users/vladpalos/Development/dagster/.venv/lib/python3.11/site-packages/dagster/_core/execution/plan/utils.py", line 57, in op_execution_error_boundary
    yield
  File "/Users/vladpalos/Development/dagster/.venv/lib/python3.11/site-packages/dagster/_utils/__init__.py", line 394, in iterate_with_context
    next_output = next(iterator)
                  ^^^^^^^^^^^^^^
  File "/Users/vladpalos/Development/dagster/.venv/lib/python3.11/site-packages/dagster/_core/execution/plan/compute_generator.py", line 135, in _coerce_op_compute_fn_to_iterator
    result = invoke_compute_fn(
             ^^^^^^^^^^^^^^^^^^
  File "/Users/vladpalos/Development/dagster/.venv/lib/python3.11/site-packages/dagster/_core/execution/plan/compute_generator.py", line 115, in invoke_compute_fn
    return fn(context, **args_to_pass) if context_arg_provided else fn(**args_to_pass)
                                                                    ^^^^^^^^^^^^^^^^^^
  File "/Users/vladpalos/Development/dagster/burningdemand/collectors/hackernews.py", line 37, in collect_hackernews
    cfg = collect_hackernews.config
          ^^^^^^^^^^^^^^^^^^^^^^^^^

