2026-01-21 11:10:55 +0000 - dagster - DEBUG - hn_collect_job - b1d9eb89-32c6-42e9-a9dd-0f3721eb4a78 - 69940 - LOGS_CAPTURED - Started capturing logs in process (pid: 69940).
2026-01-21 11:10:55 +0000 - dagster - DEBUG - hn_collect_job - b1d9eb89-32c6-42e9-a9dd-0f3721eb4a78 - 69940 - collect_hackernews - STEP_RESTARTED - Started re-execution (attempt # 4) of step "collect_hackernews".
2026-01-21 11:10:55 +0000 - dagster - ERROR - hn_collect_job - b1d9eb89-32c6-42e9-a9dd-0f3721eb4a78 - 69940 - collect_hackernews - STEP_FAILURE - Execution of step "collect_hackernews" failed.

Exceeded max_retries of 3:

AttributeError: 'OpDefinition' object has no attribute 'config'

Stack Trace:
  File "/Users/vladpalos/Development/dagster/.venv/lib/python3.11/site-packages/dagster/_core/execution/plan/utils.py", line 57, in op_execution_error_boundary
    yield
  File "/Users/vladpalos/Development/dagster/.venv/lib/python3.11/site-packages/dagster/_utils/__init__.py", line 394, in iterate_with_context
    next_output = next(iterator)
                  ^^^^^^^^^^^^^^
  File "/Users/vladpalos/Development/dagster/.venv/lib/python3.11/site-packages/dagster/_core/execution/plan/compute_generator.py", line 135, in _coerce_op_compute_fn_to_iterator
    result = invoke_compute_fn(
             ^^^^^^^^^^^^^^^^^^
  File "/Users/vladpalos/Development/dagster/.venv/lib/python3.11/site-packages/dagster/_core/execution/plan/compute_generator.py", line 115, in invoke_compute_fn
    return fn(context, **args_to_pass) if context_arg_provided else fn(**args_to_pass)
                                                                    ^^^^^^^^^^^^^^^^^^
  File "/Users/vladpalos/Development/dagster/burningdemand/collectors/hackernews.py", line 37, in collect_hackernews
    cfg = collect_hackernews.config
          ^^^^^^^^^^^^^^^^^^^^^^^^^

